<?xml version="1.0" encoding="UTF-8"?>
<!-- Generated by org.testng.reporters.JUnitXMLReporter -->
<testsuite ignored="2" hostname="DESKTOP-88V4A8K" failures="0" tests="3" name="JanbaskSeleniumProject" time="60.261" errors="0" timestamp="2025-08-28T07:00:37 IST">
  <testcase classname="LoginWithPOMPFMAndPCCTestNGDp" name="login1" time="5.634"/>
  <testcase classname="LoginWithPOMPFMAndPCCTestNGDp" name="login1" time="4.625"/>
  <testcase classname="LoginWithPOMPFMAndPCCTestNGDp" name="login1" time="3.351"/>
  <testcase classname="LoginWithPOMPFMAndPCCTestNGDp" name="login3" time="0.0">
    <ignored/>
  </testcase> <!-- login3 -->
  <testcase classname="LoginWithPOMPFMAndPCCTestNGDp" name="login2" time="0.0">
    <ignored/>
  </testcase> <!-- login2 -->
</testsuite> <!-- JanbaskSeleniumProject -->
